-- The C compiler identification is GNU 11.3.0
-- The CXX compiler identification is GNU 11.3.0
-- Detecting C compiler ABI info
-- Detecting C compiler ABI info - done
-- Check for working C compiler: /usr/bin/cc - skipped
-- Detecting C compile features
-- Detecting C compile features - done
-- Detecting CXX compiler ABI info
-- Detecting CXX compiler ABI info - done
-- Check for working CXX compiler: /usr/bin/c++ - skipped
-- Detecting CXX compile features
-- Detecting CXX compile features - done
-- Found ament_cmake: 1.3.5 (/opt/ros/humble/share/ament_cmake/cmake)
-- Found Python3: /usr/bin/python3.10 (found version "3.10.6") found components: Interpreter 
-- Found ament_lint_auto: 0.12.6 (/opt/ros/humble/share/ament_lint_auto/cmake)
-- Added test 'lint_cmake' to check CMake code style
-- Added test 'xmllint' to check XML markup files
-- Configuring done
-- Generating done
-- Build files have been written to: /home/izakisyotaro/ros2_studies_ws/build/my_messages
-- Install configuration: ""
-- Installing: /home/izakisyotaro/ros2_studies_ws/install/my_messages/share/ament_index/resource_index/package_run_dependencies/my_messages
-- Installing: /home/izakisyotaro/ros2_studies_ws/install/my_messages/share/ament_index/resource_index/parent_prefix_path/my_messages
-- Installing: /home/izakisyotaro/ros2_studies_ws/install/my_messages/share/my_messages/environment/ament_prefix_path.sh
-- Installing: /home/izakisyotaro/ros2_studies_ws/install/my_messages/share/my_messages/environment/ament_prefix_path.dsv
-- Installing: /home/izakisyotaro/ros2_studies_ws/install/my_messages/share/my_messages/environment/path.sh
-- Installing: /home/izakisyotaro/ros2_studies_ws/install/my_messages/share/my_messages/environment/path.dsv
-- Installing: /home/izakisyotaro/ros2_studies_ws/install/my_messages/share/my_messages/local_setup.bash
-- Installing: /home/izakisyotaro/ros2_studies_ws/install/my_messages/share/my_messages/local_setup.sh
-- Installing: /home/izakisyotaro/ros2_studies_ws/install/my_messages/share/my_messages/local_setup.zsh
-- Installing: /home/izakisyotaro/ros2_studies_ws/install/my_messages/share/my_messages/local_setup.dsv
-- Installing: /home/izakisyotaro/ros2_studies_ws/install/my_messages/share/my_messages/package.dsv
-- Installing: /home/izakisyotaro/ros2_studies_ws/install/my_messages/share/ament_index/resource_index/packages/my_messages
-- Installing: /home/izakisyotaro/ros2_studies_ws/install/my_messages/share/my_messages/cmake/my_messagesConfig.cmake
-- Installing: /home/izakisyotaro/ros2_studies_ws/install/my_messages/share/my_messages/cmake/my_messagesConfig-version.cmake
-- Installing: /home/izakisyotaro/ros2_studies_ws/install/my_messages/share/my_messages/package.xml
