[0.008s] Invoking command in '/home/izakisyotaro/ros2_studies_ws/build/my_messages': CMAKE_PREFIX_PATH=/opt/ros/humble /usr/bin/cmake /home/izakisyotaro/ros2_studies_ws/src/my_messages -DCMAKE_INSTALL_PREFIX=/home/izakisyotaro/ros2_studies_ws/install/my_messages
[0.224s] -- The C compiler identification is GNU 11.3.0
[0.432s] -- The CXX compiler identification is GNU 11.3.0
[0.438s] -- Detecting C compiler ABI info
[0.550s] -- Detecting C compiler ABI info - done
[0.554s] -- Check for working C compiler: /usr/bin/cc - skipped
[0.554s] -- Detecting C compile features
[0.554s] -- Detecting C compile features - done
[0.556s] -- Detecting CXX compiler ABI info
[0.605s] -- Detecting CXX compiler ABI info - done
[0.611s] -- Check for working CXX compiler: /usr/bin/c++ - skipped
[0.611s] -- Detecting CXX compile features
[0.611s] -- Detecting CXX compile features - done
[0.613s] -- Found ament_cmake: 1.3.5 (/opt/ros/humble/share/ament_cmake/cmake)
[0.770s] -- Found Python3: /usr/bin/python3.10 (found version "3.10.6") found components: Interpreter 
[0.827s] -- Found ament_lint_auto: 0.12.6 (/opt/ros/humble/share/ament_lint_auto/cmake)
[0.986s] -- Added test 'lint_cmake' to check CMake code style
[0.989s] -- Added test 'xmllint' to check XML markup files
[0.990s] -- Configuring done
[0.994s] -- Generating done
[0.995s] -- Build files have been written to: /home/izakisyotaro/ros2_studies_ws/build/my_messages
[0.999s] Invoked command in '/home/izakisyotaro/ros2_studies_ws/build/my_messages' returned '0': CMAKE_PREFIX_PATH=/opt/ros/humble /usr/bin/cmake /home/izakisyotaro/ros2_studies_ws/src/my_messages -DCMAKE_INSTALL_PREFIX=/home/izakisyotaro/ros2_studies_ws/install/my_messages
[1.000s] Invoking command in '/home/izakisyotaro/ros2_studies_ws/build/my_messages': CMAKE_PREFIX_PATH=/opt/ros/humble /usr/bin/cmake --build /home/izakisyotaro/ros2_studies_ws/build/my_messages -- -j8 -l8
[1.028s] Invoked command in '/home/izakisyotaro/ros2_studies_ws/build/my_messages' returned '0': CMAKE_PREFIX_PATH=/opt/ros/humble /usr/bin/cmake --build /home/izakisyotaro/ros2_studies_ws/build/my_messages -- -j8 -l8
[1.054s] Invoking command in '/home/izakisyotaro/ros2_studies_ws/build/my_messages': CMAKE_PREFIX_PATH=/opt/ros/humble /usr/bin/cmake --install /home/izakisyotaro/ros2_studies_ws/build/my_messages
[1.060s] -- Install configuration: ""
[1.060s] -- Installing: /home/izakisyotaro/ros2_studies_ws/install/my_messages/share/ament_index/resource_index/package_run_dependencies/my_messages
[1.060s] -- Installing: /home/izakisyotaro/ros2_studies_ws/install/my_messages/share/ament_index/resource_index/parent_prefix_path/my_messages
[1.060s] -- Installing: /home/izakisyotaro/ros2_studies_ws/install/my_messages/share/my_messages/environment/ament_prefix_path.sh
[1.061s] -- Installing: /home/izakisyotaro/ros2_studies_ws/install/my_messages/share/my_messages/environment/ament_prefix_path.dsv
[1.061s] -- Installing: /home/izakisyotaro/ros2_studies_ws/install/my_messages/share/my_messages/environment/path.sh
[1.061s] -- Installing: /home/izakisyotaro/ros2_studies_ws/install/my_messages/share/my_messages/environment/path.dsv
[1.061s] -- Installing: /home/izakisyotaro/ros2_studies_ws/install/my_messages/share/my_messages/local_setup.bash
[1.061s] -- Installing: /home/izakisyotaro/ros2_studies_ws/install/my_messages/share/my_messages/local_setup.sh
[1.062s] -- Installing: /home/izakisyotaro/ros2_studies_ws/install/my_messages/share/my_messages/local_setup.zsh
[1.062s] -- Installing: /home/izakisyotaro/ros2_studies_ws/install/my_messages/share/my_messages/local_setup.dsv
[1.062s] -- Installing: /home/izakisyotaro/ros2_studies_ws/install/my_messages/share/my_messages/package.dsv
[1.062s] -- Installing: /home/izakisyotaro/ros2_studies_ws/install/my_messages/share/ament_index/resource_index/packages/my_messages
[1.062s] -- Installing: /home/izakisyotaro/ros2_studies_ws/install/my_messages/share/my_messages/cmake/my_messagesConfig.cmake
[1.063s] -- Installing: /home/izakisyotaro/ros2_studies_ws/install/my_messages/share/my_messages/cmake/my_messagesConfig-version.cmake
[1.063s] -- Installing: /home/izakisyotaro/ros2_studies_ws/install/my_messages/share/my_messages/package.xml
[1.065s] Invoked command in '/home/izakisyotaro/ros2_studies_ws/build/my_messages' returned '0': CMAKE_PREFIX_PATH=/opt/ros/humble /usr/bin/cmake --install /home/izakisyotaro/ros2_studies_ws/build/my_messages
